<?xml version="1.0" encoding="UTF-8"?>
<testsuites name="TS_ValidateFishProduct" time="11.134" tests="1" failures="0" errors="0">
   <testsuite name="TS_ValidateFishProduct" tests="1" failures="0" errors="0" time="11.134" skipped="0" timestamp="01-10-2024T12:45:00" hostname="WINDOWS11 - Mohan" id="Test Suites/TS_ValidateFishProduct">
      <properties>
         <property name="deviceName" value=""/>
         <property name="devicePlatform"/>
         <property name="logFolder" value="C:\\Users\\WINDOWS11\\git\\katalon_EY_TestItems\\Reports\\20241001_124442\\TS_ValidateFishProduct\\20241001_124450"/>
         <property name="logFiles" value="C:\\Users\\WINDOWS11\\git\\katalon_EY_TestItems\\Reports\\20241001_124442\\TS_ValidateFishProduct\\20241001_124450\\execution0.log"/>
         <property name="attachments" value=""/>
         <property name="hostName" value="WINDOWS11 - Mohan"/>
         <property name="os" value="Windows 11 64bit"/>
         <property name="katalonVersion" value="9.7.2.223"/>
         <property name="browser" value="Chrome 129.0.0.0"/>
         <property name="hostAddress" value="192.168.1.6"/>
         <property name="sessionId" value="f8b83d34c85578f0d3e6e49af68cbebe"/>
         <property name="seleniumVersion" value="3.141.59"/>
         <property name="proxyInformation" value="ProxyInformation { proxyOption=NO_PROXY, proxyServerType=HTTP, username=, password=********, proxyServerAddress=, proxyServerPort=0, executionList=&quot;&quot;, isApplyToDesiredCapabilities=true }"/>
         <property name="platform" value="Windows 11"/>
      </properties>
      <testcase name="Test Cases/TC_ValidateFishProduct" time="10.728" classname="Test Cases/TC_ValidateFishProduct" status="PASSED">
         <system-out><![CDATA[01-10-2024T12:45:01 - [TEST_CASE][PASSED] - Test Cases/TC_ValidateFishProduct: Test Cases/TC_ValidateFishProduct

01-10-2024T12:45:01 - [TEST_STEP][PASSED] - openBrowser(""): Browser is opened with url: ''

01-10-2024T12:45:02 - [MESSAGE][INFO] - Starting 'Chrome' driver

01-10-2024T12:45:02 - [MESSAGE][INFO] - Action delay is set to 0 milliseconds

01-10-2024T12:45:05 - [MESSAGE][PASSED] - Browser is opened with url: ''

01-10-2024T12:45:05 - [TEST_STEP][PASSED] - navigateToUrl("https://petstore.octoperf.com/"): Navigate to 'https://petstore.octoperf.com/' successfully

01-10-2024T12:45:06 - [MESSAGE][PASSED] - Navigate to 'https://petstore.octoperf.com/' successfully

01-10-2024T12:45:06 - [TEST_STEP][PASSED] - click(findTestObject("Object Repository/ValidateFishProduct/Page_JPetStore Demo/a_Enter the Store")): Object: 'Object Repository/ValidateFishProduct/Page_JPetStore Demo/a_Enter the Store' is clicked on

01-10-2024T12:45:07 - [MESSAGE][PASSED] - Object: 'Object Repository/ValidateFishProduct/Page_JPetStore Demo/a_Enter the Store' is clicked on

01-10-2024T12:45:07 - [TEST_STEP][PASSED] - click(findTestObject("Object Repository/ValidateFishProduct/Page_JPetStore Demo/img")): Object: 'Object Repository/ValidateFishProduct/Page_JPetStore Demo/img' is clicked on

01-10-2024T12:45:08 - [MESSAGE][PASSED] - Object: 'Object Repository/ValidateFishProduct/Page_JPetStore Demo/img' is clicked on

01-10-2024T12:45:08 - [TEST_STEP][PASSED] - verifyElementPresent(findTestObject("Object Repository/ValidateFishProduct/Page_JPetStore Demo/a_FI-SW-01"), 0): Object 'Object Repository/ValidateFishProduct/Page_JPetStore Demo/a_FI-SW-01' is present

01-10-2024T12:45:08 - [MESSAGE][WARNING] - Timeout '0' is invalid. Using default page load timeout: '30'

01-10-2024T12:45:08 - [MESSAGE][PASSED] - Object 'Object Repository/ValidateFishProduct/Page_JPetStore Demo/a_FI-SW-01' is present

01-10-2024T12:45:08 - [TEST_STEP][PASSED] - click(findTestObject("Object Repository/ValidateFishProduct/Page_JPetStore Demo/a_FI-SW-01")): Object: 'Object Repository/ValidateFishProduct/Page_JPetStore Demo/a_FI-SW-01' is clicked on

01-10-2024T12:45:09 - [MESSAGE][PASSED] - Object: 'Object Repository/ValidateFishProduct/Page_JPetStore Demo/a_FI-SW-01' is clicked on

01-10-2024T12:45:09 - [TEST_STEP][PASSED] - verifyElementPresent(findTestObject("Object Repository/ValidateFishProduct/Page_JPetStore Demo/a_EST-1"), 0): Object 'Object Repository/ValidateFishProduct/Page_JPetStore Demo/a_EST-1' is present

01-10-2024T12:45:09 - [MESSAGE][WARNING] - Timeout '0' is invalid. Using default page load timeout: '30'

01-10-2024T12:45:09 - [MESSAGE][PASSED] - Object 'Object Repository/ValidateFishProduct/Page_JPetStore Demo/a_EST-1' is present

01-10-2024T12:45:09 - [TEST_STEP][PASSED] - click(findTestObject("Object Repository/ValidateFishProduct/Page_JPetStore Demo/a_EST-1")): Object: 'Object Repository/ValidateFishProduct/Page_JPetStore Demo/a_EST-1' is clicked on

01-10-2024T12:45:10 - [MESSAGE][PASSED] - Object: 'Object Repository/ValidateFishProduct/Page_JPetStore Demo/a_EST-1' is clicked on

01-10-2024T12:45:10 - [TEST_STEP][PASSED] - click(findTestObject("Object Repository/ValidateFishProduct/Page_JPetStore Demo/a_Add to Cart")): Object: 'Object Repository/ValidateFishProduct/Page_JPetStore Demo/a_Add to Cart' is clicked on

01-10-2024T12:45:11 - [MESSAGE][PASSED] - Object: 'Object Repository/ValidateFishProduct/Page_JPetStore Demo/a_Add to Cart' is clicked on

01-10-2024T12:45:11 - [TEST_STEP][PASSED] - verifyElementPresent(findTestObject("Object Repository/ValidateFishProduct/Page_JPetStore Demo/a_Return to Main Menu"), 0): Object 'Object Repository/ValidateFishProduct/Page_JPetStore Demo/a_Return to Main Menu' is present

01-10-2024T12:45:11 - [MESSAGE][WARNING] - Timeout '0' is invalid. Using default page load timeout: '30'

01-10-2024T12:45:11 - [MESSAGE][PASSED] - Object 'Object Repository/ValidateFishProduct/Page_JPetStore Demo/a_Return to Main Menu' is present

01-10-2024T12:45:11 - [TEST_STEP][PASSED] - click(findTestObject("Object Repository/ValidateFishProduct/Page_JPetStore Demo/a_Return to Main Menu")): Object: 'Object Repository/ValidateFishProduct/Page_JPetStore Demo/a_Return to Main Menu' is clicked on

01-10-2024T12:45:11 - [MESSAGE][PASSED] - Object: 'Object Repository/ValidateFishProduct/Page_JPetStore Demo/a_Return to Main Menu' is clicked on

01-10-2024T12:45:11 - [TEST_STEP][PASSED] - closeBrowser(): Browser is closed

01-10-2024T12:45:12 - [MESSAGE][PASSED] - Browser is closed]]></system-out>
         <system-err><![CDATA[]]></system-err>
      </testcase>
      <system-out><![CDATA[01-10-2024T12:45:00 - [TEST_SUITE][PASSED] - TS_ValidateFishProduct: Test Cases/TC_ValidateFishProduct]]></system-out>
      <system-err><![CDATA[]]></system-err>
   </testsuite>
</testsuites>
