<?xml version="1.0" encoding="UTF-8"?>
<testsuites name="TS_Login" time="8.957" tests="1" failures="0" errors="0">
   <testsuite name="TS_Login" tests="1" failures="0" errors="0" time="8.957" skipped="0" timestamp="29-09-2024T10:47:09" hostname="WINDOWS11 - Mohan" id="Test Suites/TS_Login">
      <properties>
         <property name="deviceName" value=""/>
         <property name="devicePlatform"/>
         <property name="logFolder" value="C:\\Users\\WINDOWS11\\git\\katalon_EY_TestItems\\Reports\\20240929_104705\\TS_Login\\20240929_104705"/>
         <property name="logFiles" value="C:\\Users\\WINDOWS11\\git\\katalon_EY_TestItems\\Reports\\20240929_104705\\TS_Login\\20240929_104705\\execution0.log"/>
         <property name="attachments" value=""/>
         <property name="hostName" value="WINDOWS11 - Mohan"/>
         <property name="os" value="Windows 11 64bit"/>
         <property name="katalonVersion" value="9.7.2.223"/>
         <property name="browser" value="Chrome 129.0.0.0"/>
         <property name="hostAddress" value="192.168.1.4"/>
         <property name="sessionId" value="c1596daff11817fddd2294018c510f45"/>
         <property name="seleniumVersion" value="3.141.59"/>
         <property name="proxyInformation" value="ProxyInformation { proxyOption=NO_PROXY, proxyServerType=HTTP, username=, password=********, proxyServerAddress=, proxyServerPort=0, executionList=&quot;&quot;, isApplyToDesiredCapabilities=true }"/>
         <property name="platform" value="Windows 11"/>
      </properties>
      <testcase name="Test Cases/TC_LoginTestCase" time="8.72" classname="Test Cases/TC_LoginTestCase" status="PASSED">
         <system-out><![CDATA[29-09-2024T10:47:10 - [TEST_CASE][PASSED] - Test Cases/TC_LoginTestCase: Test Cases/TC_LoginTestCase

29-09-2024T10:47:10 - [TEST_STEP][PASSED] - openBrowser(""): Browser is opened with url: ''

29-09-2024T10:47:10 - [MESSAGE][INFO] - Starting 'Chrome' driver

29-09-2024T10:47:10 - [MESSAGE][INFO] - Action delay is set to 0 milliseconds

29-09-2024T10:47:12 - [MESSAGE][PASSED] - Browser is opened with url: ''

29-09-2024T10:47:12 - [TEST_STEP][PASSED] - navigateToUrl("https://petstore.octoperf.com/"): Navigate to 'https://petstore.octoperf.com/' successfully

29-09-2024T10:47:13 - [MESSAGE][PASSED] - Navigate to 'https://petstore.octoperf.com/' successfully

29-09-2024T10:47:13 - [TEST_STEP][PASSED] - click(findTestObject("Object Repository/Login/Page_JPetStore Demo/a_Enter the Store")): Object: 'Object Repository/Login/Page_JPetStore Demo/a_Enter the Store' is clicked on

29-09-2024T10:47:14 - [MESSAGE][PASSED] - Object: 'Object Repository/Login/Page_JPetStore Demo/a_Enter the Store' is clicked on

29-09-2024T10:47:14 - [TEST_STEP][PASSED] - click(findTestObject("Object Repository/Login/Page_JPetStore Demo/a_Sign In")): Object: 'Object Repository/Login/Page_JPetStore Demo/a_Sign In' is clicked on

29-09-2024T10:47:15 - [MESSAGE][PASSED] - Object: 'Object Repository/Login/Page_JPetStore Demo/a_Sign In' is clicked on

29-09-2024T10:47:15 - [TEST_STEP][PASSED] - setText(findTestObject("Object Repository/Login/Page_JPetStore Demo/input_Need a user name and password_username"), "radhika4"): Text 'radhika4' is set on object 'Object Repository/Login/Page_JPetStore Demo/input_Need a user name and password_username'

29-09-2024T10:47:16 - [MESSAGE][PASSED] - Text 'radhika4' is set on object 'Object Repository/Login/Page_JPetStore Demo/input_Need a user name and password_username'

29-09-2024T10:47:16 - [TEST_STEP][PASSED] - setText(findTestObject("Object Repository/Login/Page_JPetStore Demo/input_Need a user name and password_password"), "radhika4"): Text 'radhika4' is set on object 'Object Repository/Login/Page_JPetStore Demo/input_Need a user name and password_password'

29-09-2024T10:47:16 - [MESSAGE][PASSED] - Text 'radhika4' is set on object 'Object Repository/Login/Page_JPetStore Demo/input_Need a user name and password_password'

29-09-2024T10:47:16 - [TEST_STEP][PASSED] - click(findTestObject("Object Repository/Login/Page_JPetStore Demo/input_Need a user name and password_signon")): Object: 'Object Repository/Login/Page_JPetStore Demo/input_Need a user name and password_signon' is clicked on

29-09-2024T10:47:17 - [MESSAGE][PASSED] - Object: 'Object Repository/Login/Page_JPetStore Demo/input_Need a user name and password_signon' is clicked on

29-09-2024T10:47:17 - [TEST_STEP][PASSED] - click(findTestObject("Object Repository/Login/Page_JPetStore Demo/a_Sign Out")): Object: 'Object Repository/Login/Page_JPetStore Demo/a_Sign Out' is clicked on

29-09-2024T10:47:18 - [MESSAGE][PASSED] - Object: 'Object Repository/Login/Page_JPetStore Demo/a_Sign Out' is clicked on

29-09-2024T10:47:18 - [TEST_STEP][PASSED] - closeBrowser(): Browser is closed

29-09-2024T10:47:18 - [MESSAGE][PASSED] - Browser is closed]]></system-out>
         <system-err><![CDATA[]]></system-err>
      </testcase>
      <system-out><![CDATA[29-09-2024T10:47:09 - [TEST_SUITE][PASSED] - TS_Login: Test Cases/TC_LoginTestCase]]></system-out>
      <system-err><![CDATA[]]></system-err>
   </testsuite>
</testsuites>
