<?xml version="1.0" encoding="UTF-8"?>
<testsuites name="TS_LoginBroken" time="9.292" tests="1" failures="0" errors="0">
   <testsuite name="TS_LoginBroken" tests="1" failures="0" errors="0" time="9.292" skipped="0" timestamp="04-10-2024T19:17:13" hostname="WINDOWS11 - Mohan" id="Test Suites/TS_LoginBroken">
      <properties>
         <property name="deviceName" value=""/>
         <property name="devicePlatform"/>
         <property name="logFolder" value="C:\\Users\\WINDOWS11\\git\\katalon_EY_TestItems\\Reports\\20241004_191704\\TS_LoginBroken\\20241004_191705"/>
         <property name="logFiles" value="C:\\Users\\WINDOWS11\\git\\katalon_EY_TestItems\\Reports\\20241004_191704\\TS_LoginBroken\\20241004_191705\\execution0.log"/>
         <property name="attachments" value=""/>
         <property name="hostName" value="WINDOWS11 - Mohan"/>
         <property name="os" value="Windows 11 64bit"/>
         <property name="katalonVersion" value="9.7.2.223"/>
         <property name="browser" value="Chrome 129.0.0.0"/>
         <property name="hostAddress" value="192.168.1.3"/>
         <property name="sessionId" value="6ed709329d71eb0281312dae7af9a692"/>
         <property name="seleniumVersion" value="3.141.59"/>
         <property name="proxyInformation" value="ProxyInformation { proxyOption=NO_PROXY, proxyServerType=HTTP, username=, password=********, proxyServerAddress=, proxyServerPort=0, executionList=&quot;&quot;, isApplyToDesiredCapabilities=true }"/>
         <property name="platform" value="Windows 11"/>
      </properties>
      <testcase name="Test Cases/Login" time="9.102" classname="Test Cases/Login" status="PASSED">
         <system-out><![CDATA[04-10-2024T19:17:13 - [TEST_CASE][PASSED] - Test Cases/Login: Test Cases/Login

04-10-2024T19:17:13 - [TEST_STEP][PASSED] - openBrowser(""): Browser is opened with url: ''

04-10-2024T19:17:13 - [MESSAGE][INFO] - Starting 'Chrome' driver

04-10-2024T19:17:13 - [MESSAGE][INFO] - Action delay is set to 0 milliseconds

04-10-2024T19:17:15 - [MESSAGE][PASSED] - Browser is opened with url: ''

04-10-2024T19:17:15 - [TEST_STEP][PASSED] - navigateToUrl("https://petstore.octoperf.com/"): Navigate to 'https://petstore.octoperf.com/' successfully

04-10-2024T19:17:16 - [MESSAGE][PASSED] - Navigate to 'https://petstore.octoperf.com/' successfully

04-10-2024T19:17:16 - [TEST_STEP][PASSED] - click(findTestObject("Object Repository/LoginBroken/Page_JPetStore Demo/a_Enter the Store")): Object: 'Object Repository/LoginBroken/Page_JPetStore Demo/a_Enter the Store' is clicked on

04-10-2024T19:17:17 - [MESSAGE][PASSED] - Object: 'Object Repository/LoginBroken/Page_JPetStore Demo/a_Enter the Store' is clicked on

04-10-2024T19:17:17 - [TEST_STEP][PASSED] - click(findTestObject("Object Repository/LoginBroken/Page_JPetStore Demo/a_Sign In")): Object: 'Object Repository/LoginBroken/Page_JPetStore Demo/a_Sign In' is clicked on

04-10-2024T19:17:19 - [MESSAGE][PASSED] - Object: 'Object Repository/LoginBroken/Page_JPetStore Demo/a_Sign In' is clicked on

04-10-2024T19:17:19 - [TEST_STEP][PASSED] - setText(findTestObject("Object Repository/LoginBroken/Page_JPetStore Demo/input_Need a user name and password_username"), "mohan"): Text 'mohan' is set on object 'Object Repository/LoginBroken/Page_JPetStore Demo/input_Need a user name and password_username'

04-10-2024T19:17:19 - [MESSAGE][PASSED] - Text 'mohan' is set on object 'Object Repository/LoginBroken/Page_JPetStore Demo/input_Need a user name and password_username'

04-10-2024T19:17:19 - [TEST_STEP][PASSED] - setText(findTestObject("Object Repository/LoginBroken/Page_JPetStore Demo/input_Need a user name and password_password"), "mohan"): Text 'mohan' is set on object 'Object Repository/LoginBroken/Page_JPetStore Demo/input_Need a user name and password_password'

04-10-2024T19:17:20 - [MESSAGE][PASSED] - Text 'mohan' is set on object 'Object Repository/LoginBroken/Page_JPetStore Demo/input_Need a user name and password_password'

04-10-2024T19:17:20 - [TEST_STEP][PASSED] - click(findTestObject("Object Repository/LoginBroken/Page_JPetStore Demo/input_Need a user name and password_signon")): Object: 'Object Repository/LoginBroken/Page_JPetStore Demo/input_Need a user name and password_signon' is clicked on

04-10-2024T19:17:21 - [MESSAGE][PASSED] - Object: 'Object Repository/LoginBroken/Page_JPetStore Demo/input_Need a user name and password_signon' is clicked on

04-10-2024T19:17:21 - [TEST_STEP][PASSED] - click(findTestObject("Object Repository/LoginBroken/Page_JPetStore Demo/a_Sign Out")): Object: 'Object Repository/LoginBroken/Page_JPetStore Demo/a_Sign Out' is clicked on

04-10-2024T19:17:22 - [MESSAGE][PASSED] - Object: 'Object Repository/LoginBroken/Page_JPetStore Demo/a_Sign Out' is clicked on

04-10-2024T19:17:22 - [TEST_STEP][PASSED] - closeBrowser(): Browser is closed

04-10-2024T19:17:22 - [MESSAGE][PASSED] - Browser is closed]]></system-out>
         <system-err><![CDATA[]]></system-err>
      </testcase>
      <system-out><![CDATA[04-10-2024T19:17:13 - [TEST_SUITE][PASSED] - TS_LoginBroken: Test Cases/Login]]></system-out>
      <system-err><![CDATA[]]></system-err>
   </testsuite>
</testsuites>
